<?xml version="1.0" encoding="UTF-8"?>
<testng-results ignored="0" total="5" passed="4" failed="1" skipped="0">
  <reporter-output>
  </reporter-output>
  <suite started-at="2025-07-01T19:04:05 IST" name="Suite" finished-at="2025-07-01T19:04:27 IST" duration-ms="21538">
    <groups>
      <group name="Purchase">
        <method signature="SubmitOrderTest.SubmitOrder(java.util.HashMap)[pri:0, instance:Selenium_BDD_framework_Udemy_RS.Tests.SubmitOrderTest@78d6692f]" name="SubmitOrder" class="Selenium_BDD_framework_Udemy_RS.Tests.SubmitOrderTest"/>
      </group> <!-- Purchase -->
      <group name="Regression">
        <method signature="ErrorValidations.LoginErrorValidation()[pri:0, instance:Selenium_BDD_framework_Udemy_RS.Tests.ErrorValidations@8c3619e]" name="LoginErrorValidation" class="Selenium_BDD_framework_Udemy_RS.Tests.ErrorValidations"/>
      </group> <!-- Regression -->
    </groups>
    <test started-at="2025-07-01T19:04:05 IST" name="Error Validation Test" finished-at="2025-07-01T19:04:17 IST" duration-ms="12093">
      <class name="Selenium_BDD_framework_Udemy_RS.Tests.ErrorValidations">
        <test-method is-config="true" signature="launchApp()[pri:0, instance:Selenium_BDD_framework_Udemy_RS.Tests.ErrorValidations@8c3619e]" started-at="2025-07-01T19:04:05 IST" name="launchApp" finished-at="2025-07-01T19:04:09 IST" duration-ms="3703" status="PASS">
          <reporter-output>
          </reporter-output>
        </test-method> <!-- launchApp -->
        <test-method signature="LoginErrorValidation()[pri:0, instance:Selenium_BDD_framework_Udemy_RS.Tests.ErrorValidations@8c3619e]" started-at="2025-07-01T19:04:09 IST" name="LoginErrorValidation" finished-at="2025-07-01T19:04:09 IST" duration-ms="514" status="FAIL">
          <exception class="java.lang.AssertionError">
            <message>
              <![CDATA[expected:<Incorrect email or password.> but was:<Incorrect email  password.>]]>
            </message>
            <full-stacktrace>
              <![CDATA[java.lang.AssertionError: expected:<Incorrect email or password.> but was:<Incorrect email  password.>
at org.testng.AssertJUnit.assertEquals(AssertJUnit.java:115)
at org.testng.AssertJUnit.assertEquals(AssertJUnit.java:125)
at Selenium_BDD_framework_Udemy_RS.Tests.ErrorValidations.LoginErrorValidation(ErrorValidations.java:20)
at java.base/jdk.internal.reflect.NativeMethodAccessorImpl.invoke0(Native Method)
at java.base/jdk.internal.reflect.NativeMethodAccessorImpl.invoke(NativeMethodAccessorImpl.java:62)
at java.base/jdk.internal.reflect.DelegatingMethodAccessorImpl.invoke(DelegatingMethodAccessorImpl.java:43)
at java.base/java.lang.reflect.Method.invoke(Method.java:566)
at org.testng.internal.MethodInvocationHelper.invokeMethod(MethodInvocationHelper.java:133)
at org.testng.internal.TestInvoker.invokeMethod(TestInvoker.java:598)
at org.testng.internal.TestInvoker.invokeTestMethod(TestInvoker.java:173)
at org.testng.internal.MethodRunner.runInSequence(MethodRunner.java:46)
at org.testng.internal.TestInvoker$MethodInvocationAgent.invoke(TestInvoker.java:824)
at org.testng.internal.TestInvoker.invokeTestMethods(TestInvoker.java:146)
at org.testng.internal.TestMethodWorker.invokeTestMethods(TestMethodWorker.java:146)
at org.testng.internal.TestMethodWorker.run(TestMethodWorker.java:128)
at java.base/java.util.ArrayList.forEach(ArrayList.java:1541)
at org.testng.TestRunner.privateRun(TestRunner.java:794)
at org.testng.TestRunner.run(TestRunner.java:596)
at org.testng.SuiteRunner.runTest(SuiteRunner.java:377)
at org.testng.SuiteRunner.access$000(SuiteRunner.java:28)
at org.testng.SuiteRunner$SuiteWorker.run(SuiteRunner.java:418)
at org.testng.internal.thread.ThreadUtil.lambda$execute$0(ThreadUtil.java:64)
at java.base/java.util.concurrent.FutureTask.run(FutureTask.java:264)
at java.base/java.util.concurrent.ThreadPoolExecutor.runWorker(ThreadPoolExecutor.java:1128)
at java.base/java.util.concurrent.ThreadPoolExecutor$Worker.run(ThreadPoolExecutor.java:628)
at java.base/java.lang.Thread.run(Thread.java:829)
]]>
            </full-stacktrace>
          </exception> <!-- java.lang.AssertionError -->
          <reporter-output>
          </reporter-output>
        </test-method> <!-- LoginErrorValidation -->
        <test-method is-config="true" signature="tearDown()[pri:0, instance:Selenium_BDD_framework_Udemy_RS.Tests.ErrorValidations@8c3619e]" started-at="2025-07-01T19:04:10 IST" name="tearDown" finished-at="2025-07-01T19:04:10 IST" duration-ms="103" status="PASS">
          <reporter-output>
          </reporter-output>
        </test-method> <!-- tearDown -->
        <test-method is-config="true" signature="launchApp()[pri:0, instance:Selenium_BDD_framework_Udemy_RS.Tests.ErrorValidations@8c3619e]" started-at="2025-07-01T19:04:10 IST" name="launchApp" finished-at="2025-07-01T19:04:12 IST" duration-ms="2255" status="PASS">
          <reporter-output>
          </reporter-output>
        </test-method> <!-- launchApp -->
        <test-method signature="productErrorValidation()[pri:0, instance:Selenium_BDD_framework_Udemy_RS.Tests.ErrorValidations@8c3619e]" started-at="2025-07-01T19:04:12 IST" name="productErrorValidation" finished-at="2025-07-01T19:04:17 IST" duration-ms="4834" status="PASS">
          <reporter-output>
          </reporter-output>
        </test-method> <!-- productErrorValidation -->
        <test-method is-config="true" signature="tearDown()[pri:0, instance:Selenium_BDD_framework_Udemy_RS.Tests.ErrorValidations@8c3619e]" started-at="2025-07-01T19:04:17 IST" name="tearDown" finished-at="2025-07-01T19:04:17 IST" duration-ms="102" status="PASS">
          <reporter-output>
          </reporter-output>
        </test-method> <!-- tearDown -->
      </class> <!-- Selenium_BDD_framework_Udemy_RS.Tests.ErrorValidations -->
    </test> <!-- Error Validation Test -->
    <test started-at="2025-07-01T19:04:05 IST" name="Submit Order Test" finished-at="2025-07-01T19:04:27 IST" duration-ms="21537">
      <class name="Selenium_BDD_framework_Udemy_RS.Tests.SubmitOrderTest">
        <test-method is-config="true" signature="launchApp()[pri:0, instance:Selenium_BDD_framework_Udemy_RS.Tests.SubmitOrderTest@78d6692f]" started-at="2025-07-01T19:04:05 IST" name="launchApp" finished-at="2025-07-01T19:04:09 IST" duration-ms="3474" status="PASS">
          <reporter-output>
          </reporter-output>
        </test-method> <!-- launchApp -->
        <test-method signature="SubmitOrder(java.util.HashMap)[pri:0, instance:Selenium_BDD_framework_Udemy_RS.Tests.SubmitOrderTest@78d6692f]" started-at="2025-07-01T19:04:09 IST" name="SubmitOrder" data-provider="getData" finished-at="2025-07-01T19:04:15 IST" duration-ms="6278" status="PASS">
          <params>
            <param index="0">
              <value>
                <![CDATA[{password=ankit123, item=ADIDAS ORIGINAL, emailId=ankit.solanki@appfoster.com}]]>
              </value>
            </param>
          </params>
          <reporter-output>
          </reporter-output>
        </test-method> <!-- SubmitOrder -->
        <test-method is-config="true" signature="tearDown()[pri:0, instance:Selenium_BDD_framework_Udemy_RS.Tests.SubmitOrderTest@78d6692f]" started-at="2025-07-01T19:04:15 IST" name="tearDown" finished-at="2025-07-01T19:04:15 IST" duration-ms="153" status="PASS">
          <reporter-output>
          </reporter-output>
        </test-method> <!-- tearDown -->
        <test-method is-config="true" signature="launchApp()[pri:0, instance:Selenium_BDD_framework_Udemy_RS.Tests.SubmitOrderTest@78d6692f]" started-at="2025-07-01T19:04:15 IST" name="launchApp" finished-at="2025-07-01T19:04:18 IST" duration-ms="3018" status="PASS">
          <reporter-output>
          </reporter-output>
        </test-method> <!-- launchApp -->
        <test-method signature="SubmitOrder(java.util.HashMap)[pri:0, instance:Selenium_BDD_framework_Udemy_RS.Tests.SubmitOrderTest@78d6692f]" started-at="2025-07-01T19:04:18 IST" name="SubmitOrder" data-provider="getData" finished-at="2025-07-01T19:04:24 IST" duration-ms="5461" status="PASS">
          <params>
            <param index="0">
              <value>
                <![CDATA[{password=Ankit@123, item=ZARA COAT 3, emailId=solankiankit786@gmail.com}]]>
              </value>
            </param>
          </params>
          <reporter-output>
          </reporter-output>
        </test-method> <!-- SubmitOrder -->
        <test-method is-config="true" signature="tearDown()[pri:0, instance:Selenium_BDD_framework_Udemy_RS.Tests.SubmitOrderTest@78d6692f]" started-at="2025-07-01T19:04:24 IST" name="tearDown" finished-at="2025-07-01T19:04:24 IST" duration-ms="104" status="PASS">
          <reporter-output>
          </reporter-output>
        </test-method> <!-- tearDown -->
        <test-method is-config="true" signature="launchApp()[pri:0, instance:Selenium_BDD_framework_Udemy_RS.Tests.SubmitOrderTest@78d6692f]" started-at="2025-07-01T19:04:24 IST" name="launchApp" finished-at="2025-07-01T19:04:26 IST" duration-ms="2121" status="PASS">
          <reporter-output>
          </reporter-output>
        </test-method> <!-- launchApp -->
        <test-method signature="OrderHistoryTest()[pri:0, instance:Selenium_BDD_framework_Udemy_RS.Tests.SubmitOrderTest@78d6692f]" started-at="2025-07-01T19:04:26 IST" name="OrderHistoryTest" finished-at="2025-07-01T19:04:27 IST" depends-on-methods="Selenium_BDD_framework_Udemy_RS.Tests.SubmitOrderTest.SubmitOrder" duration-ms="615" status="PASS">
          <reporter-output>
          </reporter-output>
        </test-method> <!-- OrderHistoryTest -->
        <test-method is-config="true" signature="tearDown()[pri:0, instance:Selenium_BDD_framework_Udemy_RS.Tests.SubmitOrderTest@78d6692f]" started-at="2025-07-01T19:04:27 IST" name="tearDown" finished-at="2025-07-01T19:04:27 IST" duration-ms="94" status="PASS">
          <reporter-output>
          </reporter-output>
        </test-method> <!-- tearDown -->
      </class> <!-- Selenium_BDD_framework_Udemy_RS.Tests.SubmitOrderTest -->
    </test> <!-- Submit Order Test -->
  </suite> <!-- Suite -->
</testng-results>
